0 info it worked if it ends with ok
1 verbose cli [ 'C:\\Program Files\\nodejs\\node.exe',
1 verbose cli   'C:\\Program Files\\nodejs\\node_modules\\npm\\bin\\npm-cli.js',
1 verbose cli   'run-script',
1 verbose cli   'dev' ]
2 info using npm@3.10.8
3 info using node@v6.9.1
4 verbose run-script [ 'predev', 'dev', 'postdev' ]
5 info lifecycle linekong@1.0.0~predev: linekong@1.0.0
6 silly lifecycle linekong@1.0.0~predev: no script for predev, continuing
7 info lifecycle linekong@1.0.0~dev: linekong@1.0.0
8 verbose lifecycle linekong@1.0.0~dev: unsafe-perm in lifecycle true
9 verbose lifecycle linekong@1.0.0~dev: PATH: C:\Program Files\nodejs\node_modules\npm\bin\node-gyp-bin;D:\555\shileng-gainian\node_modules\.bin;C:\Ruby22\bin;C:\WINDOWS\system32;C:\WINDOWS;C:\WINDOWS\System32\Wbem;C:\WINDOWS\System32\WindowsPowerShell\v1.0\;D:\Program Files\TortoiseSVN\bin;C:\Program Files\nodejs\;C:\Users\Administrator\AppData\Local\Microsoft\WindowsApps;C:\Users\Administrator\AppData\Roaming\npm
10 verbose lifecycle linekong@1.0.0~dev: CWD: D:\555\shileng-gainian
11 silly lifecycle linekong@1.0.0~dev: Args: [ '/d /s /c',
11 silly lifecycle   'webpack-dev-server --progress --profile --colors --hot --port 3000' ]
12 silly lifecycle linekong@1.0.0~dev: Returned: code: 1  signal: null
13 info lifecycle linekong@1.0.0~dev: Failed to exec dev script
14 verbose stack Error: linekong@1.0.0 dev: `webpack-dev-server --progress --profile --colors --hot --port 3000`
14 verbose stack Exit status 1
14 verbose stack     at EventEmitter.<anonymous> (C:\Program Files\nodejs\node_modules\npm\lib\utils\lifecycle.js:255:16)
14 verbose stack     at emitTwo (events.js:106:13)
14 verbose stack     at EventEmitter.emit (events.js:191:7)
14 verbose stack     at ChildProcess.<anonymous> (C:\Program Files\nodejs\node_modules\npm\lib\utils\spawn.js:40:14)
14 verbose stack     at emitTwo (events.js:106:13)
14 verbose stack     at ChildProcess.emit (events.js:191:7)
14 verbose stack     at maybeClose (internal/child_process.js:877:16)
14 verbose stack     at Process.ChildProcess._handle.onexit (internal/child_process.js:226:5)
15 verbose pkgid linekong@1.0.0
16 verbose cwd D:\555\shileng-gainian
17 error Windows_NT 10.0.14393
18 error argv "C:\\Program Files\\nodejs\\node.exe" "C:\\Program Files\\nodejs\\node_modules\\npm\\bin\\npm-cli.js" "run-script" "dev"
19 error node v6.9.1
20 error npm  v3.10.8
21 error code ELIFECYCLE
22 error linekong@1.0.0 dev: `webpack-dev-server --progress --profile --colors --hot --port 3000`
22 error Exit status 1
23 error Failed at the linekong@1.0.0 dev script 'webpack-dev-server --progress --profile --colors --hot --port 3000'.
23 error Make sure you have the latest version of node.js and npm installed.
23 error If you do, this is most likely a problem with the linekong package,
23 error not with npm itself.
23 error Tell the author that this fails on your system:
23 error     webpack-dev-server --progress --profile --colors --hot --port 3000
23 error You can get information on how to open an issue for this project with:
23 error     npm bugs linekong
23 error Or if that isn't available, you can get their info via:
23 error     npm owner ls linekong
23 error There is likely additional logging output above.
24 verbose exit [ 1, true ]
